app/build/intermediates/manifest_merge_blame_file/release/manifest-merger-blame-release-report.txt
1<?xml version="1.0" encoding="utf-8"?>
2<manifest xmlns:android="http://schemas.android.com/apk/res/android"
3    package="org.y20k.covidtracker"
4    android:versionCode="40"
5    android:versionName="2.0.3" >
6
7    <uses-sdk
8        android:minSdkVersion="25"
8-->src\main\AndroidManifest.xml
9        android:targetSdkVersion="27" />
9-->src\main\AndroidManifest.xml
10    <!-- USE GPS AND NETWORK - EXCLUDE NON-GPS DEVICES -->
11    <uses-feature
11-->src\main\AndroidManifest.xml:6:5-8:35
12        android:name="android.hardware.location.gps"
12-->src\main\AndroidManifest.xml:7:9-53
13        android:required="true" />
13-->src\main\AndroidManifest.xml:8:9-32
14    <uses-feature android:name="android.hardware.location.network" /> <!-- NORMAL PERMISSIONS, automatically granted -->
14-->src\main\AndroidManifest.xml:9:5-70
14-->src\main\AndroidManifest.xml:9:19-67
15    <uses-permission android:name="android.permission.FOREGROUND_SERVICE" />
15-->src\main\AndroidManifest.xml:10:5-77
15-->src\main\AndroidManifest.xml:10:22-74
16    <uses-permission android:name="android.permission.ACCESS_NETWORK_STATE" />
16-->src\main\AndroidManifest.xml:11:5-79
16-->src\main\AndroidManifest.xml:11:22-76
17    <uses-permission android:name="android.permission.ACCESS_WIFI_STATE" />
17-->src\main\AndroidManifest.xml:12:5-76
17-->src\main\AndroidManifest.xml:12:22-73
18    <uses-permission android:name="android.permission.VIBRATE" />
18-->src\main\AndroidManifest.xml:13:5-66
18-->src\main\AndroidManifest.xml:13:22-63
19    <uses-permission android:name="android.permission.INTERNET" /> <!-- DANGEROUS PERMISSIONS, must request -->
19-->src\main\AndroidManifest.xml:14:5-67
19-->src\main\AndroidManifest.xml:14:22-64
20    <uses-permission android:name="android.permission.ACCESS_COARSE_LOCATION" />
20-->src\main\AndroidManifest.xml:15:5-81
20-->src\main\AndroidManifest.xml:15:22-78
21    <uses-permission android:name="android.permission.ACCESS_FINE_LOCATION" />
21-->src\main\AndroidManifest.xml:16:5-79
21-->src\main\AndroidManifest.xml:16:22-76
22
23    <supports-screens
23-->[org.osmdroid:osmdroid-android:6.1.6] AndroidManifest.xml:11:5-14:40
24        android:anyDensity="true"
24-->[org.osmdroid:osmdroid-android:6.1.6] AndroidManifest.xml:12:9-34
25        android:largeScreens="true"
25-->[org.osmdroid:osmdroid-android:6.1.6] AndroidManifest.xml:13:9-36
26        android:normalScreens="true" />
26-->[org.osmdroid:osmdroid-android:6.1.6] AndroidManifest.xml:14:9-37
27
28    <uses-feature
28-->[org.osmdroid:osmdroid-android:6.1.6] AndroidManifest.xml:22:5-24:36
29        android:name="android.hardware.telephony"
29-->[org.osmdroid:osmdroid-android:6.1.6] AndroidManifest.xml:23:9-50
30        android:required="false" />
30-->[org.osmdroid:osmdroid-android:6.1.6] AndroidManifest.xml:24:9-33
31    <uses-feature
31-->[org.osmdroid:osmdroid-android:6.1.6] AndroidManifest.xml:25:5-27:36
32        android:name="android.hardware.wifi"
32-->[org.osmdroid:osmdroid-android:6.1.6] AndroidManifest.xml:26:9-45
33        android:required="false" />
33-->[org.osmdroid:osmdroid-android:6.1.6] AndroidManifest.xml:27:9-33
34
35    <uses-permission android:name="com.google.android.finsky.permission.BIND_GET_INSTALL_REFERRER_SERVICE" />
35-->[com.android.installreferrer:installreferrer:1.0] AndroidManifest.xml:9:5-110
35-->[com.android.installreferrer:installreferrer:1.0] AndroidManifest.xml:9:22-107
36
37    <application
37-->src\main\AndroidManifest.xml:18:5-90:19
38        android:name="org.techsfaction.covidtracker.covidtraker"
38-->src\main\AndroidManifest.xml:19:9-36
39        android:allowBackup="true"
39-->src\main\AndroidManifest.xml:20:9-35
40        android:appComponentFactory="androidx.core.app.CoreComponentFactory"
40-->[androidx.core:core:1.2.0] AndroidManifest.xml:24:18-86
41        android:extractNativeLibs="false"
42        android:icon="@mipmap/ic_launcher"
42-->src\main\AndroidManifest.xml:21:9-43
43        android:label="@string/app_name"
43-->src\main\AndroidManifest.xml:22:9-41
44        android:supportsRtl="true"
44-->src\main\AndroidManifest.xml:23:9-35
45        android:testOnly="true"
46        android:theme="@style/AppTheme" >
46-->src\main\AndroidManifest.xml:24:9-40
47        <activity android:name="org.techsfaction.covidtracker.LunchActivity" >
47-->src\main\AndroidManifest.xml:26:9-33:20
47-->src\main\AndroidManifest.xml:26:19-48
48            <intent-filter>
48-->src\main\AndroidManifest.xml:27:13-31:29
49                <action android:name="android.intent.action.MAIN" />
49-->src\main\AndroidManifest.xml:28:17-69
49-->src\main\AndroidManifest.xml:28:25-66
50
51                <category android:name="android.intent.category.LAUNCHER" />
51-->src\main\AndroidManifest.xml:30:17-77
51-->src\main\AndroidManifest.xml:30:27-74
52            </intent-filter>
53        </activity>
54        <!-- MAIN ACTIVITY -->
55        <activity android:name="org.techsfaction.covidtracker.MainActivity" >
55-->src\main\AndroidManifest.xml:35:9-37:20
55-->src\main\AndroidManifest.xml:35:19-47
56        </activity> <!-- TRACKER SERVICE -->
57        <service
57-->src\main\AndroidManifest.xml:38:9-47:19
58            android:name="org.techsfaction.covidtracker.TrackerService"
58-->src\main\AndroidManifest.xml:39:13-43
59            android:exported="false"
59-->src\main\AndroidManifest.xml:40:13-37
60            android:foregroundServiceType="location" >
60-->src\main\AndroidManifest.xml:41:13-53
61            <intent-filter>
61-->src\main\AndroidManifest.xml:42:13-46:29
62                <action android:name="org.y20k.covidtracker.action.START" />
62-->src\main\AndroidManifest.xml:43:17-77
62-->src\main\AndroidManifest.xml:43:25-74
63                <action android:name="org.y20k.covidtracker.action.STOP" />
63-->src\main\AndroidManifest.xml:44:17-76
63-->src\main\AndroidManifest.xml:44:25-73
64                <action android:name="org.y20k.covidtracker.action.DISMISS" />
64-->src\main\AndroidManifest.xml:45:17-79
64-->src\main\AndroidManifest.xml:45:25-76
65            </intent-filter>
66        </service> <!-- TRACKING TOGGLE SERVICE SYSTEM QUICK SETTINGS -->
67        <service
67-->src\main\AndroidManifest.xml:48:9-56:19
68            android:name="org.techsfaction.covidtracker.TrackingToggleTileService"
68-->src\main\AndroidManifest.xml:49:13-54
69            android:icon="@drawable/ic_notification_icon_small_24dp"
69-->src\main\AndroidManifest.xml:50:13-69
70            android:label="@string/quick_settings_tile_title_default"
70-->src\main\AndroidManifest.xml:51:13-70
71            android:permission="android.permission.BIND_QUICK_SETTINGS_TILE" >
71-->src\main\AndroidManifest.xml:52:13-77
72            <intent-filter>
72-->src\main\AndroidManifest.xml:53:13-55:29
73                <action android:name="android.service.quicksettings.action.QS_TILE" />
73-->src\main\AndroidManifest.xml:54:17-87
73-->src\main\AndroidManifest.xml:54:25-84
74            </intent-filter>
75        </service> <!-- FILE PROVIDER GPX -->
76        <provider
77            android:name="androidx.core.content.FileProvider"
77-->src\main\AndroidManifest.xml:58:13-62
78            android:authorities="org.y20k.covidtracker.provider"
78-->src\main\AndroidManifest.xml:59:13-60
79            android:exported="false"
79-->src\main\AndroidManifest.xml:60:13-37
80            android:grantUriPermissions="true" >
80-->src\main\AndroidManifest.xml:61:13-47
81            <meta-data
81-->src\main\AndroidManifest.xml:62:13-64:58
82                android:name="android.support.FILE_PROVIDER_PATHS"
82-->src\main\AndroidManifest.xml:63:17-67
83                android:resource="@xml/provider_paths" />
83-->src\main\AndroidManifest.xml:64:17-55
84        </provider>
85
86        <meta-data
86-->src\main\AndroidManifest.xml:70:9-71:54
87            android:name="com.facebook.sdk.ApplicationId"
87-->src\main\AndroidManifest.xml:70:20-65
88            android:value="@string/facebook_app_id" />
88-->src\main\AndroidManifest.xml:71:13-52
89
90        <activity
90-->src\main\AndroidManifest.xml:73:9-76:48
91            android:name="com.facebook.FacebookActivity"
91-->src\main\AndroidManifest.xml:73:19-63
92            android:configChanges="keyboard|keyboardHidden|screenLayout|screenSize|orientation"
92-->src\main\AndroidManifest.xml:74:13-114
93            android:label="@string/app_name"
93-->src\main\AndroidManifest.xml:76:13-45
94            android:theme="@style/com_facebook_activity_theme" />
94-->[com.facebook.android:facebook-common:5.15.3] AndroidManifest.xml:33:13-63
95        <activity
95-->src\main\AndroidManifest.xml:77:9-86:20
96            android:name="com.facebook.CustomTabActivity"
96-->src\main\AndroidManifest.xml:78:13-58
97            android:exported="true" >
97-->src\main\AndroidManifest.xml:79:13-36
98            <intent-filter>
98-->src\main\AndroidManifest.xml:80:13-85:29
99                <action android:name="android.intent.action.VIEW" />
99-->src\main\AndroidManifest.xml:81:17-69
99-->src\main\AndroidManifest.xml:81:25-66
100
101                <category android:name="android.intent.category.DEFAULT" />
101-->src\main\AndroidManifest.xml:82:17-76
101-->src\main\AndroidManifest.xml:82:27-73
102                <category android:name="android.intent.category.BROWSABLE" />
102-->src\main\AndroidManifest.xml:83:17-78
102-->src\main\AndroidManifest.xml:83:27-75
103
104                <data android:scheme="@string/fb_login_protocol_scheme" />
104-->src\main\AndroidManifest.xml:84:17-75
104-->src\main\AndroidManifest.xml:84:23-72
105            </intent-filter>
106            <intent-filter>
106-->[com.facebook.android:facebook-common:5.15.3] AndroidManifest.xml:39:13-48:29
107                <action android:name="android.intent.action.VIEW" />
107-->src\main\AndroidManifest.xml:81:17-69
107-->src\main\AndroidManifest.xml:81:25-66
108
109                <category android:name="android.intent.category.DEFAULT" />
109-->src\main\AndroidManifest.xml:82:17-76
109-->src\main\AndroidManifest.xml:82:27-73
110                <category android:name="android.intent.category.BROWSABLE" />
110-->src\main\AndroidManifest.xml:83:17-78
110-->src\main\AndroidManifest.xml:83:27-75
111
112                <data
112-->src\main\AndroidManifest.xml:84:17-75
113                    android:host="cct.org.y20k.covidtracker"
114                    android:scheme="fbconnect" />
114-->src\main\AndroidManifest.xml:84:23-72
115            </intent-filter>
116        </activity>
117        <activity android:name="com.facebook.CustomTabMainActivity" />
117-->[com.facebook.android:facebook-common:5.15.3] AndroidManifest.xml:34:9-71
117-->[com.facebook.android:facebook-common:5.15.3] AndroidManifest.xml:34:19-68
118        <!--
119         The initialization ContentProvider will call FacebookSdk.sdkInitialize automatically
120         with the application context. This config is merged in with the host app's manifest,
121         but there can only be one provider with the same authority activated at any given
122         point; so if the end user has two or more different apps that use Facebook SDK, only the
123         first one will be able to use the provider. To work around this problem, we use the
124         following placeholder in the authority to identify each host application as if it was
125         a completely different provider.
126        -->
127        <provider
127-->[com.facebook.android:facebook-core:5.15.3] AndroidManifest.xml:39:9-42:40
128            android:name="com.facebook.internal.FacebookInitProvider"
128-->[com.facebook.android:facebook-core:5.15.3] AndroidManifest.xml:40:13-70
129            android:authorities="org.y20k.covidtracker.FacebookInitProvider"
129-->[com.facebook.android:facebook-core:5.15.3] AndroidManifest.xml:41:13-72
130            android:exported="false" />
130-->[com.facebook.android:facebook-core:5.15.3] AndroidManifest.xml:42:13-37
131
132        <receiver
132-->[com.facebook.android:facebook-core:5.15.3] AndroidManifest.xml:44:9-50:20
133            android:name="com.facebook.CurrentAccessTokenExpirationBroadcastReceiver"
133-->[com.facebook.android:facebook-core:5.15.3] AndroidManifest.xml:45:13-86
134            android:exported="false" >
134-->[com.facebook.android:facebook-core:5.15.3] AndroidManifest.xml:46:13-37
135            <intent-filter>
135-->[com.facebook.android:facebook-core:5.15.3] AndroidManifest.xml:47:13-49:29
136                <action android:name="com.facebook.sdk.ACTION_CURRENT_ACCESS_TOKEN_CHANGED" />
136-->[com.facebook.android:facebook-core:5.15.3] AndroidManifest.xml:48:17-95
136-->[com.facebook.android:facebook-core:5.15.3] AndroidManifest.xml:48:25-92
137            </intent-filter>
138        </receiver>
139    </application>
140
141</manifest>